{
  "RSpec": {
    "coverage": {
      "/Users/kaydent/Projects/CORRECT-MakersBNB/MakersBNB/spec/database_connection_spec.rb": {
        "lines": [
          1,
          null,
          1,
          null,
          1,
          1,
          1,
          null,
          1,
          null,
          null,
          null,
          1,
          1,
          1,
          null,
          1,
          null,
          null,
          null,
          1,
          1,
          1,
          null,
          1,
          null,
          1,
          null,
          null,
          null,
          null
        ]
      },
      "/Users/kaydent/Projects/CORRECT-MakersBNB/MakersBNB/spec/features/Menus/using_the_menu_spec.rb": {
        "lines": [
          1,
          null,
          1,
          1,
          1,
          1,
          1,
          null,
          null,
          1,
          1,
          1,
          1,
          null,
          null,
          null,
          1,
          1,
          1,
          1,
          1,
          null,
          null,
          1,
          1,
          1,
          1,
          null,
          null,
          null,
          1,
          1,
          1,
          1,
          1,
          null,
          null,
          1,
          1,
          1,
          1,
          null,
          null,
          null
        ]
      },
      "/Users/kaydent/Projects/CORRECT-MakersBNB/MakersBNB/spec/features/add_space_spec.rb": {
        "lines": [
          1,
          1,
          1,
          1,
          1,
          1,
          null,
          null,
          1,
          1,
          1,
          1,
          1,
          1,
          1,
          1,
          null,
          null,
          1,
          1,
          1,
          1,
          1,
          1,
          1,
          1,
          null,
          null,
          1,
          1,
          1,
          1,
          1,
          1,
          1,
          1,
          1,
          1,
          1,
          1,
          null,
          null,
          1,
          1,
          1,
          1,
          1,
          1,
          1,
          1,
          null,
          null,
          1,
          1,
          1,
          1,
          1,
          1,
          1,
          1,
          1,
          1,
          1,
          1,
          1,
          1,
          null,
          null,
          1,
          1,
          1,
          0,
          null,
          null,
          null
        ]
      },
      "/Users/kaydent/Projects/CORRECT-MakersBNB/MakersBNB/spec/features/booking_a_space_spec.rb": {
        "lines": [
          1,
          1,
          1,
          1,
          1,
          1,
          null,
          1,
          1,
          null,
          null,
          1,
          1,
          1,
          1,
          null,
          null,
          1,
          1,
          1,
          1,
          1,
          null,
          null,
          null
        ]
      },
      "/Users/kaydent/Projects/CORRECT-MakersBNB/MakersBNB/spec/features/view_index_spec.rb": {
        "lines": [
          1,
          1,
          1,
          1,
          1,
          null,
          null
        ]
      },
      "/Users/kaydent/Projects/CORRECT-MakersBNB/MakersBNB/spec/features/view_spaces_spec.rb": {
        "lines": [
          1,
          1,
          0,
          0,
          null,
          null,
          1,
          0,
          0,
          0,
          null,
          null,
          null,
          null,
          null
        ]
      },
      "/Users/kaydent/Projects/CORRECT-MakersBNB/MakersBNB/spec/space_spec.rb": {
        "lines": [
          1,
          null,
          1,
          1,
          1,
          1,
          0,
          0,
          null,
          null,
          null,
          null,
          null,
          1,
          1,
          0,
          null,
          null,
          1,
          1,
          0,
          null,
          null,
          1,
          1,
          0,
          0,
          0,
          null,
          null,
          null
        ]
      },
      "/Users/kaydent/Projects/CORRECT-MakersBNB/MakersBNB/spec/user_spec.rb": {
        "lines": [
          1,
          null,
          1,
          1,
          1,
          1,
          null,
          null,
          1,
          1,
          1,
          null,
          null
        ]
      },
      "/Users/kaydent/Projects/CORRECT-MakersBNB/MakersBNB/lib/user.rb": {
        "lines": [
          1,
          1,
          null,
          1,
          null,
          1,
          2,
          null,
          null,
          1,
          2,
          4,
          null,
          null,
          null,
          null,
          null
        ]
      }
    },
    "timestamp": 1655468400
  }
}
